app/build/outputs/logs/manifest-merger-debug-report.txt
-- Merging decision tree log ---
manifest
ADDED from src/main/AndroidManifest.xml:2:1-59:12
	package
		ADDED from src/main/AndroidManifest.xml:3:5-46
		INJECTED from src/main/AndroidManifest.xml
		INJECTED from src/main/AndroidManifest.xml
	android:versionName
		ADDED from src/main/AndroidManifest.xml:5:5-30
		INJECTED from src/main/AndroidManifest.xml
		INJECTED from src/main/AndroidManifest.xml
	android:versionCode
		ADDED from src/main/AndroidManifest.xml:4:5-28
		INJECTED from src/main/AndroidManifest.xml
		INJECTED from src/main/AndroidManifest.xml
	xmlns:android
		ADDED from src/main/AndroidManifest.xml:2:11-69
uses-sdk
ADDED from src/main/AndroidManifest.xml:7:5-9:41
	android:targetSdkVersion
		ADDED from src/main/AndroidManifest.xml:9:9-38
		INJECTED from src/main/AndroidManifest.xml
		INJECTED from src/main/AndroidManifest.xml
	android:minSdkVersion
		ADDED from src/main/AndroidManifest.xml:8:9-34
		INJECTED from src/main/AndroidManifest.xml
		INJECTED from src/main/AndroidManifest.xml
uses-permission#android.permission.INTERNET
ADDED from src/main/AndroidManifest.xml:11:5-67
	android:name
		ADDED from src/main/AndroidManifest.xml:11:22-64
android:uses-permission#android.permission.WRITE_EXTERNAL_STORAGE
ADDED from src/main/AndroidManifest.xml:13:5-89
	android:name
		ADDED from src/main/AndroidManifest.xml:13:30-86
android:uses-permission#android.permission.READ_PHONE_STATE
ADDED from src/main/AndroidManifest.xml:14:5-83
	android:name
		ADDED from src/main/AndroidManifest.xml:14:30-80
android:uses-permission#android.permission.READ_EXTERNAL_STORAGE
ADDED from src/main/AndroidManifest.xml:15:5-88
	android:name
		ADDED from src/main/AndroidManifest.xml:15:30-85
service#com.philips.lighting.quickstart.NotificationListener
ADDED from src/main/AndroidManifest.xml:17:5-24:15
	android:label
		ADDED from src/main/AndroidManifest.xml:19:9-52
	android:permission
		ADDED from src/main/AndroidManifest.xml:20:9-83
	android:name
		ADDED from src/main/AndroidManifest.xml:18:9-45
intent-filter#android.service.notification.NotificationListenerService
ADDED from src/main/AndroidManifest.xml:21:9-23:25
action#android.service.notification.NotificationListenerService
ADDED from src/main/AndroidManifest.xml:22:13-95
	android:name
		ADDED from src/main/AndroidManifest.xml:22:21-92
application
ADDED from src/main/AndroidManifest.xml:26:5-57:19
	android:label
		ADDED from src/main/AndroidManifest.xml:29:9-41
	android:allowBackup
		ADDED from src/main/AndroidManifest.xml:27:9-35
	android:icon
		ADDED from src/main/AndroidManifest.xml:28:9-45
	android:theme
		ADDED from src/main/AndroidManifest.xml:30:9-40
activity#com.philips.lighting.quickstart.PHHomeActivity
ADDED from src/main/AndroidManifest.xml:31:9-39:20
	android:label
		ADDED from src/main/AndroidManifest.xml:33:13-45
	android:name
		ADDED from src/main/AndroidManifest.xml:32:13-43
intent-filter#android.intent.action.MAIN+android.intent.category.LAUNCHER
ADDED from src/main/AndroidManifest.xml:34:13-38:29
action#android.intent.action.MAIN
ADDED from src/main/AndroidManifest.xml:35:17-69
	android:name
		ADDED from src/main/AndroidManifest.xml:35:25-66
category#android.intent.category.LAUNCHER
ADDED from src/main/AndroidManifest.xml:37:17-77
	android:name
		ADDED from src/main/AndroidManifest.xml:37:27-74
activity#com.philips.lighting.quickstart.MyApplicationActivity
ADDED from src/main/AndroidManifest.xml:40:9-42:57
	android:label
		ADDED from src/main/AndroidManifest.xml:42:13-54
	android:name
		ADDED from src/main/AndroidManifest.xml:41:13-50
activity#com.philips.lighting.quickstart.PHPushlinkActivity
ADDED from src/main/AndroidManifest.xml:43:9-45:48
	android:label
		ADDED from src/main/AndroidManifest.xml:45:13-45
	android:name
		ADDED from src/main/AndroidManifest.xml:44:13-47
activity#com.philips.lighting.quickstart.AppList
ADDED from src/main/AndroidManifest.xml:46:9-53:20
	android:label
		ADDED from src/main/AndroidManifest.xml:48:13-60
	android:parentActivityName
		ADDED from src/main/AndroidManifest.xml:49:13-57
	android:name
		ADDED from src/main/AndroidManifest.xml:47:13-36
meta-data#android.support.PARENT_ACTIVITY
ADDED from src/main/AndroidManifest.xml:50:13-52:82
	android:value
		ADDED from src/main/AndroidManifest.xml:52:17-79
	android:name
		ADDED from src/main/AndroidManifest.xml:51:17-63
activity#com.philips.lighting.quickstart.DetailActivity
ADDED from src/main/AndroidManifest.xml:54:9-56:70
	android:label
		ADDED from src/main/AndroidManifest.xml:56:13-58
	android:name
		ADDED from src/main/AndroidManifest.xml:55:13-43